2018-05-01 17:54:31.345 ERROR [localhost-startStop-1][ModuleFrameworkAdapterHelper:77] Unable to load the module framework
2018-05-01 17:54:31.383 ERROR [localhost-startStop-1][PortalContextLoaderListener:114] java.lang.NullPointerException
java.lang.NullPointerException
	at com.liferay.portal.kernel.servlet.DirectServletRegistryUtil.clearServlets(DirectServletRegistryUtil.java:27)
	at com.liferay.portal.spring.context.PortalContextLoaderListener.contextDestroyed(PortalContextLoaderListener.java:135)
	at org.apache.catalina.core.StandardContext.listenerStop(StandardContext.java:4859)
	at org.apache.catalina.core.StandardContext.stopInternal(StandardContext.java:5478)
	at org.apache.catalina.util.LifecycleBase.stop(LifecycleBase.java:224)
	at org.apache.catalina.util.LifecycleBase.start(LifecycleBase.java:159)
	at org.apache.catalina.core.ContainerBase.addChildInternal(ContainerBase.java:725)
	at org.apache.catalina.core.ContainerBase.addChild(ContainerBase.java:701)
	at org.apache.catalina.core.StandardHost.addChild(StandardHost.java:717)
	at org.apache.catalina.startup.HostConfig.deployDescriptor(HostConfig.java:585)
	at org.apache.catalina.startup.HostConfig$DeployDescriptor.run(HostConfig.java:1794)
	at java.util.concurrent.Executors$RunnableAdapter.call(Executors.java:511)
	at java.util.concurrent.FutureTask.run(FutureTask.java:266)
	at java.util.concurrent.ThreadPoolExecutor.runWorker(ThreadPoolExecutor.java:1149)
	at java.util.concurrent.ThreadPoolExecutor$Worker.run(ThreadPoolExecutor.java:624)
	at java.lang.Thread.run(Thread.java:748)
2018-05-01 17:54:31.387 ERROR [localhost-startStop-1][PortalContextLoaderListener:114] java.lang.NullPointerException
java.lang.NullPointerException
	at com.liferay.portal.kernel.deploy.hot.HotDeployUtil.reset(HotDeployUtil.java:53)
	at com.liferay.portal.spring.context.PortalContextLoaderListener.contextDestroyed(PortalContextLoaderListener.java:142)
	at org.apache.catalina.core.StandardContext.listenerStop(StandardContext.java:4859)
	at org.apache.catalina.core.StandardContext.stopInternal(StandardContext.java:5478)
	at org.apache.catalina.util.LifecycleBase.stop(LifecycleBase.java:224)
	at org.apache.catalina.util.LifecycleBase.start(LifecycleBase.java:159)
	at org.apache.catalina.core.ContainerBase.addChildInternal(ContainerBase.java:725)
	at org.apache.catalina.core.ContainerBase.addChild(ContainerBase.java:701)
	at org.apache.catalina.core.StandardHost.addChild(StandardHost.java:717)
	at org.apache.catalina.startup.HostConfig.deployDescriptor(HostConfig.java:585)
	at org.apache.catalina.startup.HostConfig$DeployDescriptor.run(HostConfig.java:1794)
	at java.util.concurrent.Executors$RunnableAdapter.call(Executors.java:511)
	at java.util.concurrent.FutureTask.run(FutureTask.java:266)
	at java.util.concurrent.ThreadPoolExecutor.runWorker(ThreadPoolExecutor.java:1149)
	at java.util.concurrent.ThreadPoolExecutor$Worker.run(ThreadPoolExecutor.java:624)
	at java.lang.Thread.run(Thread.java:748)
2018-05-01 17:54:31.390 ERROR [localhost-startStop-1][PortalBeanLocatorUtil:109] BeanLocator is null
